<?xml version="1.0" encoding="UTF-8"?>
<!-- Generated by org.testng.reporters.JUnitReportReporter -->
<testsuite skipped="0" hostname="AbhinandanPatil" name="messcreenshot.MesScreenshot" tests="1" failures="0" timestamp="17 Sep 2019 09:06:39 GMT" time="55.312" errors="0">
  <testcase name="MesScreenshot" time="55.312" classname="messcreenshot.MesScreenshot"/>
</testsuite> <!-- messcreenshot.MesScreenshot -->
